<?xml version="1.0" encoding="UTF-8"?>
<testng-results skipped="0" failed="0" ignored="0" total="1" passed="1">
  <reporter-output>
  </reporter-output>
  <suite name="example suite 1" duration-ms="13126" started-at="2020-05-03T05:07:37Z" finished-at="2020-05-03T05:07:50Z">
    <groups>
      <group name="cucumber">
        <method signature="AbstractTestNGCucumberTests.feature(cucumber.api.testng.CucumberFeatureWrapper)[pri:0, instance:Runner.TestRunner@56ac3a89]" name="feature" class="cucumber.api.testng.AbstractTestNGCucumberTests"/>
      </group> <!-- cucumber -->
    </groups>
    <test name="Regression suite 1" duration-ms="13126" started-at="2020-05-03T05:07:37Z" finished-at="2020-05-03T05:07:50Z">
      <class name="Runner.TestRunner">
        <test-method status="PASS" signature="setUpClass()[pri:0, instance:Runner.TestRunner@56ac3a89]" name="setUpClass" is-config="true" duration-ms="596" started-at="2020-05-03T05:07:37Z" finished-at="2020-05-03T05:07:38Z">
          <reporter-output>
          </reporter-output>
        </test-method> <!-- setUpClass -->
        <test-method status="PASS" signature="feature(cucumber.api.testng.CucumberFeatureWrapper)[pri:0, instance:Runner.TestRunner@56ac3a89]" name="feature" duration-ms="12313" started-at="2020-05-03T05:07:38Z" description="Runs Cucumber Feature" data-provider="features" finished-at="2020-05-03T05:07:50Z">
          <params>
            <param index="0">
              <value>
                <![CDATA[Guru 99 login]]>
              </value>
            </param>
          </params>
          <reporter-output>
          </reporter-output>
        </test-method> <!-- feature -->
        <test-method status="PASS" signature="tearDownClass()[pri:0, instance:Runner.TestRunner@56ac3a89]" name="tearDownClass" is-config="true" duration-ms="4" started-at="2020-05-03T05:07:50Z" finished-at="2020-05-03T05:07:50Z">
          <reporter-output>
          </reporter-output>
        </test-method> <!-- tearDownClass -->
      </class> <!-- Runner.TestRunner -->
    </test> <!-- Regression suite 1 -->
  </suite> <!-- example suite 1 -->
</testng-results>
